<?xml version="1.0" encoding="UTF-8"?>
<!-- Generated by org.testng.reporters.JUnitXMLReporter -->
<testsuite hostname="LAPTOP-FD9FNOTU" ignored="0" name="Default test" tests="3" failures="0" timestamp="2021-03-25T18:58:12 CDT" time="11.647" errors="0">
  <testcase name="mainPageTest1" time="1.715" classname="mainPage.mainPageTest"/>
  <testcase name="mainPageTest2" time="3.51" classname="mainPage.mainPageTest"/>
  <testcase name="mainPageTest3" time="0.791" classname="mainPage.mainPageTest"/>
</testsuite> <!-- Default test -->
