<?xml version="1.0" encoding="UTF-8"?>
<testng-results skipped="0" failed="0" ignored="0" total="0" passed="0">
  <reporter-output>
  </reporter-output>
  <suite name="mainPage.mainPageTest" duration-ms="8" started-at="2021-03-16T15:22:11Z" finished-at="2021-03-16T15:22:11Z">
    <groups>
    </groups>
    <test name="Command line test" duration-ms="8" started-at="2021-03-16T15:22:11Z" finished-at="2021-03-16T15:22:11Z">
    </test> <!-- Command line test -->
  </suite> <!-- mainPage.mainPageTest -->
</testng-results>
