<?xml version="1.0" encoding="UTF-8"?>
<testng-results skipped="0" failed="0" ignored="0" total="3" passed="3">
  <reporter-output>
  </reporter-output>
  <suite name="Default suite" duration-ms="11647" started-at="2021-03-25T18:58:00 CDT" finished-at="2021-03-25T18:58:12 CDT">
    <groups>
    </groups>
    <test name="Default test" duration-ms="11647" started-at="2021-03-25T18:58:00 CDT" finished-at="2021-03-25T18:58:12 CDT">
      <class name="mainPage.mainPageTest">
        <test-method status="PASS" signature="mainPageTest()[pri:0, instance:mainPage.mainPageTest@711f39f9]" name="mainPageTest" is-config="true" duration-ms="5560" started-at="2021-03-25T18:58:00 CDT" finished-at="2021-03-25T18:58:06 CDT">
          <reporter-output>
          </reporter-output>
        </test-method> <!-- mainPageTest -->
        <test-method status="PASS" signature="mainPageTest1()[pri:1, instance:mainPage.mainPageTest@711f39f9]" name="mainPageTest1" duration-ms="1715" started-at="2021-03-25T18:58:06 CDT" finished-at="2021-03-25T18:58:08 CDT">
          <reporter-output>
          </reporter-output>
        </test-method> <!-- mainPageTest1 -->
        <test-method status="PASS" signature="mainPageTest2()[pri:2, instance:mainPage.mainPageTest@711f39f9]" name="mainPageTest2" duration-ms="3510" started-at="2021-03-25T18:58:08 CDT" finished-at="2021-03-25T18:58:11 CDT">
          <reporter-output>
          </reporter-output>
        </test-method> <!-- mainPageTest2 -->
        <test-method status="PASS" signature="mainPageTest3()[pri:3, instance:mainPage.mainPageTest@711f39f9]" name="mainPageTest3" duration-ms="791" started-at="2021-03-25T18:58:11 CDT" finished-at="2021-03-25T18:58:12 CDT">
          <reporter-output>
          </reporter-output>
        </test-method> <!-- mainPageTest3 -->
      </class> <!-- mainPage.mainPageTest -->
    </test> <!-- Default test -->
  </suite> <!-- Default suite -->
</testng-results>
